# JRE version: Java(TM) SE Runtime Environment (8.0_201-b09) (build 1.8.0_201-b09)
# Java VM: Java HotSpot(TM) 64-Bit Server VM (25.201-b09 mixed mode windows-amd64 compressed oops)
Heap:
 PSYoungGen      total 577024K, used 268990K [0x000000076b300000, 0x0000000792000000, 0x00000007c0000000)
  eden space 521216K, 44% used [0x000000076b300000,0x000000077953af40,0x000000078b000000)
  from space 55808K, 66% used [0x000000078b000000,0x000000078d4749e0,0x000000078e680000)
  to   space 52736K, 0% used [0x000000078e680000,0x000000078e680000,0x0000000791a00000)
 ParOldGen       total 175104K, used 89666K [0x00000006c1800000, 0x00000006cc300000, 0x000000076b300000)
  object space 175104K, 51% used [0x00000006c1800000,0x00000006c6f909f0,0x00000006cc300000)
 Metaspace       used 11458K, capacity 11602K, committed 11904K, reserved 1060864K
  class space    used 1019K, capacity 1075K, committed 1152K, reserved 1048576K
GC Heap History (10 events):
Event: 17.282 GC heap before
{Heap before GC invocations=3 (full 0):
 PSYoungGen      total 141824K, used 141803K [0x000000076b300000, 0x0000000774800000, 0x00000007c0000000)
  eden space 131072K, 100% used [0x000000076b300000,0x0000000773300000,0x0000000773300000)
  from space 10752K, 99% used [0x0000000773d80000,0x00000007747faee8,0x0000000774800000)
  to   space 10752K, 0% used [0x0000000773300000,0x0000000773300000,0x0000000773d80000)
 ParOldGen       total 175104K, used 8871K [0x00000006c1800000, 0x00000006cc300000, 0x000000076b300000)
  object space 175104K, 5% used [0x00000006c1800000,0x00000006c20a9df8,0x00000006cc300000)
 Metaspace       used 11150K, capacity 11378K, committed 11648K, reserved 1060864K
  class space    used 1016K, capacity 1043K, committed 1152K, reserved 1048576K
Event: 17.991 GC heap after
Heap after GC invocations=3 (full 0):
 PSYoungGen      total 141824K, used 10727K [0x000000076b300000, 0x000000077c800000, 0x00000007c0000000)
  eden space 131072K, 0% used [0x000000076b300000,0x000000076b300000,0x0000000773300000)
  from space 10752K, 99% used [0x0000000773300000,0x0000000773d79f88,0x0000000773d80000)
  to   space 10752K, 0% used [0x000000077bd80000,0x000000077bd80000,0x000000077c800000)
 ParOldGen       total 175104K, used 28641K [0x00000006c1800000, 0x00000006cc300000, 0x000000076b300000)
  object space 175104K, 16% used [0x00000006c1800000,0x00000006c33f85b8,0x00000006cc300000)
 Metaspace       used 11150K, capacity 11378K, committed 11648K, reserved 1060864K
  class space    used 1016K, capacity 1043K, committed 1152K, reserved 1048576K
}
Event: 20.174 GC heap before
{Heap before GC invocations=4 (full 0):
 PSYoungGen      total 141824K, used 141799K [0x000000076b300000, 0x000000077c800000, 0x00000007c0000000)
  eden space 131072K, 100% used [0x000000076b300000,0x0000000773300000,0x0000000773300000)
  from space 10752K, 99% used [0x0000000773300000,0x0000000773d79f88,0x0000000773d80000)
  to   space 10752K, 0% used [0x000000077bd80000,0x000000077bd80000,0x000000077c800000)
 ParOldGen       total 175104K, used 28641K [0x00000006c1800000, 0x00000006cc300000, 0x000000076b300000)
  object space 175104K, 16% used [0x00000006c1800000,0x00000006c33f85b8,0x00000006cc300000)
 Metaspace       used 11199K, capacity 11378K, committed 11648K, reserved 1060864K
  class space    used 1016K, capacity 1043K, committed 1152K, reserved 1048576K
Event: 21.706 GC heap after
Heap after GC invocations=4 (full 0):
 PSYoungGen      total 272896K, used 10722K [0x000000076b300000, 0x000000077c800000, 0x00000007c0000000)
  eden space 262144K, 0% used [0x000000076b300000,0x000000076b300000,0x000000077b300000)
  from space 10752K, 99% used [0x000000077bd80000,0x000000077c7f8960,0x000000077c800000)
  to   space 10752K, 0% used [0x000000077b300000,0x000000077b300000,0x000000077bd80000)
 ParOldGen       total 175104K, used 49691K [0x00000006c1800000, 0x00000006cc300000, 0x000000076b300000)
  object space 175104K, 28% used [0x00000006c1800000,0x00000006c4886f10,0x00000006cc300000)
 Metaspace       used 11199K, capacity 11378K, committed 11648K, reserved 1060864K
  class space    used 1016K, capacity 1043K, committed 1152K, reserved 1048576K
}
Event: 32.826 GC heap before
{Heap before GC invocations=5 (full 0):
 PSYoungGen      total 272896K, used 272611K [0x000000076b300000, 0x000000077c800000, 0x00000007c0000000)
  eden space 262144K, 99% used [0x000000076b300000,0x000000077b2c0630,0x000000077b300000)
  from space 10752K, 99% used [0x000000077bd80000,0x000000077c7f8960,0x000000077c800000)
  to   space 10752K, 0% used [0x000000077b300000,0x000000077b300000,0x000000077bd80000)
 ParOldGen       total 175104K, used 49691K [0x00000006c1800000, 0x00000006cc300000, 0x000000076b300000)
  object space 175104K, 28% used [0x00000006c1800000,0x00000006c4886f10,0x00000006cc300000)
 Metaspace       used 11305K, capacity 11474K, committed 11648K, reserved 1060864K
  class space    used 1017K, capacity 1075K, committed 1152K, reserved 1048576K
Event: 33.424 GC heap after
Heap after GC invocations=5 (full 0):
 PSYoungGen      total 272896K, used 10724K [0x000000076b300000, 0x0000000791a00000, 0x00000007c0000000)
  eden space 262144K, 0% used [0x000000076b300000,0x000000076b300000,0x000000077b300000)
  from space 10752K, 99% used [0x000000077b300000,0x000000077bd792b8,0x000000077bd80000)
  to   space 52736K, 0% used [0x000000078e680000,0x000000078e680000,0x0000000791a00000)
 ParOldGen       total 175104K, used 86062K [0x00000006c1800000, 0x00000006cc300000, 0x000000076b300000)
  object space 175104K, 49% used [0x00000006c1800000,0x00000006c6c0bb20,0x00000006cc300000)
 Metaspace       used 11305K, capacity 11474K, committed 11648K, reserved 1060864K
  class space    used 1017K, capacity 1075K, committed 1152K, reserved 1048576K
}
Event: 41.150 GC heap before
{Heap before GC invocations=6 (full 0):
 PSYoungGen      total 272896K, used 272868K [0x000000076b300000, 0x0000000791a00000, 0x00000007c0000000)
  eden space 262144K, 100% used [0x000000076b300000,0x000000077b300000,0x000000077b300000)
  from space 10752K, 99% used [0x000000077b300000,0x000000077bd792b8,0x000000077bd80000)
  to   space 52736K, 0% used [0x000000078e680000,0x000000078e680000,0x0000000791a00000)
 ParOldGen       total 175104K, used 86062K [0x00000006c1800000, 0x00000006cc300000, 0x000000076b300000)
  object space 175104K, 49% used [0x00000006c1800000,0x00000006c6c0bb20,0x00000006cc300000)
 Metaspace       used 11405K, capacity 11602K, committed 11904K, reserved 1060864K
  class space    used 1019K, capacity 1075K, committed 1152K, reserved 1048576K
Event: 42.110 GC heap after
Heap after GC invocations=6 (full 0):
 PSYoungGen      total 573952K, used 40442K [0x000000076b300000, 0x0000000792000000, 0x00000007c0000000)
  eden space 521216K, 0% used [0x000000076b300000,0x000000076b300000,0x000000078b000000)
  from space 52736K, 76% used [0x000000078e680000,0x0000000790dfe968,0x0000000791a00000)
  to   space 55808K, 0% used [0x000000078b000000,0x000000078b000000,0x000000078e680000)
 ParOldGen       total 175104K, used 86070K [0x00000006c1800000, 0x00000006cc300000, 0x000000076b300000)
  object space 175104K, 49% used [0x00000006c1800000,0x00000006c6c0db20,0x00000006cc300000)
 Metaspace       used 11405K, capacity 11602K, committed 11904K, reserved 1060864K
  class space    used 1019K, capacity 1075K, committed 1152K, reserved 1048576K
}
Event: 49.605 GC heap before
{Heap before GC invocations=7 (full 0):
 PSYoungGen      total 573952K, used 561658K [0x000000076b300000, 0x0000000792000000, 0x00000007c0000000)
  eden space 521216K, 100% used [0x000000076b300000,0x000000078b000000,0x000000078b000000)
  from space 52736K, 76% used [0x000000078e680000,0x0000000790dfe968,0x0000000791a00000)
  to   space 55808K, 0% used [0x000000078b000000,0x000000078b000000,0x000000078e680000)
 ParOldGen       total 175104K, used 86070K [0x00000006c1800000, 0x00000006cc300000, 0x000000076b300000)
  object space 175104K, 49% used [0x00000006c1800000,0x00000006c6c0db20,0x00000006cc300000)
 Metaspace       used 11455K, capacity 11602K, committed 11904K, reserved 1060864K
  class space    used 1019K, capacity 1075K, committed 1152K, reserved 1048576K
Event: 51.995 GC heap after
Heap after GC invocations=7 (full 0):
 PSYoungGen      total 577024K, used 37330K [0x000000076b300000, 0x0000000792000000, 0x00000007c0000000)
  eden space 521216K, 0% used [0x000000076b300000,0x000000076b300000,0x000000078b000000)
  from space 55808K, 66% used [0x000000078b000000,0x000000078d4749e0,0x000000078e680000)
  to   space 52736K, 0% used [0x000000078e680000,0x000000078e680000,0x0000000791a00000)
 ParOldGen       total 175104K, used 89666K [0x00000006c1800000, 0x00000006cc300000, 0x000000076b300000)
  object space 175104K, 51% used [0x00000006c1800000,0x00000006c6f909f0,0x00000006cc300000)
 Metaspace       used 11455K, capacity 11602K, committed 11904K, reserved 1060864K
  class space    used 1019K, capacity 1075K, committed 1152K, reserved 1048576K
}

