# JRE version: Java(TM) SE Runtime Environment (8.0_201-b09) (build 1.8.0_201-b09)
# Java VM: Java HotSpot(TM) 64-Bit Server VM (25.201-b09 mixed mode windows-amd64 compressed oops)
Heap:
 PSYoungGen      total 576512K, used 38734K [0x000000076b300000, 0x0000000792200000, 0x00000007c0000000)
  eden space 519680K, 0% used [0x000000076b300000,0x000000076b300000,0x000000078ae80000)
  from space 56832K, 68% used [0x000000078ae80000,0x000000078d453b40,0x000000078e600000)
  to   space 52224K, 0% used [0x000000078e600000,0x000000078e600000,0x0000000791900000)
 ParOldGen       total 175104K, used 87941K [0x00000006c1800000, 0x00000006cc300000, 0x000000076b300000)
  object space 175104K, 50% used [0x00000006c1800000,0x00000006c6de1578,0x00000006cc300000)
 Metaspace       used 11425K, capacity 11602K, committed 11904K, reserved 1060864K
  class space    used 1017K, capacity 1075K, committed 1152K, reserved 1048576K
GC Heap History (10 events):
Event: 18.055 GC heap after
Heap after GC invocations=2 (full 0):
 PSYoungGen      total 141824K, used 10741K [0x000000076b300000, 0x0000000774800000, 0x00000007c0000000)
  eden space 131072K, 0% used [0x000000076b300000,0x000000076b300000,0x0000000773300000)
  from space 10752K, 99% used [0x0000000773d80000,0x00000007747fd5a8,0x0000000774800000)
  to   space 10752K, 0% used [0x0000000773300000,0x0000000773300000,0x0000000773d80000)
 ParOldGen       total 175104K, used 8954K [0x00000006c1800000, 0x00000006cc300000, 0x000000076b300000)
  object space 175104K, 5% used [0x00000006c1800000,0x00000006c20beb08,0x00000006cc300000)
 Metaspace       used 11055K, capacity 11250K, committed 11392K, reserved 1058816K
  class space    used 1014K, capacity 1043K, committed 1152K, reserved 1048576K
}
Event: 29.127 GC heap before
{Heap before GC invocations=3 (full 0):
 PSYoungGen      total 141824K, used 141813K [0x000000076b300000, 0x0000000774800000, 0x00000007c0000000)
  eden space 131072K, 100% used [0x000000076b300000,0x0000000773300000,0x0000000773300000)
  from space 10752K, 99% used [0x0000000773d80000,0x00000007747fd5a8,0x0000000774800000)
  to   space 10752K, 0% used [0x0000000773300000,0x0000000773300000,0x0000000773d80000)
 ParOldGen       total 175104K, used 8954K [0x00000006c1800000, 0x00000006cc300000, 0x000000076b300000)
  object space 175104K, 5% used [0x00000006c1800000,0x00000006c20beb08,0x00000006cc300000)
 Metaspace       used 11144K, capacity 11314K, committed 11648K, reserved 1060864K
  class space    used 1016K, capacity 1043K, committed 1152K, reserved 1048576K
Event: 30.800 GC heap after
Heap after GC invocations=3 (full 0):
 PSYoungGen      total 141824K, used 10746K [0x000000076b300000, 0x000000077c800000, 0x00000007c0000000)
  eden space 131072K, 0% used [0x000000076b300000,0x000000076b300000,0x0000000773300000)
  from space 10752K, 99% used [0x0000000773300000,0x0000000773d7eb48,0x0000000773d80000)
  to   space 10752K, 0% used [0x000000077bd80000,0x000000077bd80000,0x000000077c800000)
 ParOldGen       total 175104K, used 29177K [0x00000006c1800000, 0x00000006cc300000, 0x000000076b300000)
  object space 175104K, 16% used [0x00000006c1800000,0x00000006c347e500,0x00000006cc300000)
 Metaspace       used 11144K, capacity 11314K, committed 11648K, reserved 1060864K
  class space    used 1016K, capacity 1043K, committed 1152K, reserved 1048576K
}
Event: 33.951 GC heap before
{Heap before GC invocations=4 (full 0):
 PSYoungGen      total 141824K, used 141818K [0x000000076b300000, 0x000000077c800000, 0x00000007c0000000)
  eden space 131072K, 100% used [0x000000076b300000,0x0000000773300000,0x0000000773300000)
  from space 10752K, 99% used [0x0000000773300000,0x0000000773d7eb48,0x0000000773d80000)
  to   space 10752K, 0% used [0x000000077bd80000,0x000000077bd80000,0x000000077c800000)
 ParOldGen       total 175104K, used 29177K [0x00000006c1800000, 0x00000006cc300000, 0x000000076b300000)
  object space 175104K, 16% used [0x00000006c1800000,0x00000006c347e500,0x00000006cc300000)
 Metaspace       used 11197K, capacity 11378K, committed 11648K, reserved 1060864K
  class space    used 1016K, capacity 1043K, committed 1152K, reserved 1048576K
Event: 35.600 GC heap after
Heap after GC invocations=4 (full 0):
 PSYoungGen      total 272896K, used 10724K [0x000000076b300000, 0x000000077c800000, 0x00000007c0000000)
  eden space 262144K, 0% used [0x000000076b300000,0x000000076b300000,0x000000077b300000)
  from space 10752K, 99% used [0x000000077bd80000,0x000000077c7f92e0,0x000000077c800000)
  to   space 10752K, 0% used [0x000000077b300000,0x000000077b300000,0x000000077bd80000)
 ParOldGen       total 175104K, used 51341K [0x00000006c1800000, 0x00000006cc300000, 0x000000076b300000)
  object space 175104K, 29% used [0x00000006c1800000,0x00000006c4a23698,0x00000006cc300000)
 Metaspace       used 11197K, capacity 11378K, committed 11648K, reserved 1060864K
  class space    used 1016K, capacity 1043K, committed 1152K, reserved 1048576K
}
Event: 44.942 GC heap before
{Heap before GC invocations=5 (full 0):
 PSYoungGen      total 272896K, used 272731K [0x000000076b300000, 0x000000077c800000, 0x00000007c0000000)
  eden space 262144K, 99% used [0x000000076b300000,0x000000077b2dda88,0x000000077b300000)
  from space 10752K, 99% used [0x000000077bd80000,0x000000077c7f92e0,0x000000077c800000)
  to   space 10752K, 0% used [0x000000077b300000,0x000000077b300000,0x000000077bd80000)
 ParOldGen       total 175104K, used 51341K [0x00000006c1800000, 0x00000006cc300000, 0x000000076b300000)
  object space 175104K, 29% used [0x00000006c1800000,0x00000006c4a23698,0x00000006cc300000)
 Metaspace       used 11299K, capacity 11442K, committed 11648K, reserved 1060864K
  class space    used 1016K, capacity 1043K, committed 1152K, reserved 1048576K
Event: 45.778 GC heap after
Heap after GC invocations=5 (full 0):
 PSYoungGen      total 272896K, used 10732K [0x000000076b300000, 0x0000000791900000, 0x00000007c0000000)
  eden space 262144K, 0% used [0x000000076b300000,0x000000076b300000,0x000000077b300000)
  from space 10752K, 99% used [0x000000077b300000,0x000000077bd7b060,0x000000077bd80000)
  to   space 52224K, 0% used [0x000000078e600000,0x000000078e600000,0x0000000791900000)
 ParOldGen       total 175104K, used 85601K [0x00000006c1800000, 0x00000006cc300000, 0x000000076b300000)
  object space 175104K, 48% used [0x00000006c1800000,0x00000006c6b98458,0x00000006cc300000)
 Metaspace       used 11299K, capacity 11442K, committed 11648K, reserved 1060864K
  class space    used 1016K, capacity 1043K, committed 1152K, reserved 1048576K
}
Event: 49.837 GC heap before
{Heap before GC invocations=6 (full 0):
 PSYoungGen      total 272896K, used 272876K [0x000000076b300000, 0x0000000791900000, 0x00000007c0000000)
  eden space 262144K, 100% used [0x000000076b300000,0x000000077b300000,0x000000077b300000)
  from space 10752K, 99% used [0x000000077b300000,0x000000077bd7b060,0x000000077bd80000)
  to   space 52224K, 0% used [0x000000078e600000,0x000000078e600000,0x0000000791900000)
 ParOldGen       total 175104K, used 85601K [0x00000006c1800000, 0x00000006cc300000, 0x000000076b300000)
  object space 175104K, 48% used [0x00000006c1800000,0x00000006c6b98458,0x00000006cc300000)
 Metaspace       used 11384K, capacity 11538K, committed 11648K, reserved 1060864K
  class space    used 1017K, capacity 1075K, committed 1152K, reserved 1048576K
Event: 50.063 GC heap after
Heap after GC invocations=6 (full 0):
 PSYoungGen      total 571904K, used 43019K [0x000000076b300000, 0x0000000792200000, 0x00000007c0000000)
  eden space 519680K, 0% used [0x000000076b300000,0x000000076b300000,0x000000078ae80000)
  from space 52224K, 82% used [0x000000078e600000,0x0000000791002da8,0x0000000791900000)
  to   space 56832K, 0% used [0x000000078ae80000,0x000000078ae80000,0x000000078e600000)
 ParOldGen       total 175104K, used 85609K [0x00000006c1800000, 0x00000006cc300000, 0x000000076b300000)
  object space 175104K, 48% used [0x00000006c1800000,0x00000006c6b9a458,0x00000006cc300000)
 Metaspace       used 11384K, capacity 11538K, committed 11648K, reserved 1060864K
  class space    used 1017K, capacity 1075K, committed 1152K, reserved 1048576K
}
Event: 53.783 GC heap before
{Heap before GC invocations=7 (full 0):
 PSYoungGen      total 571904K, used 562699K [0x000000076b300000, 0x0000000792200000, 0x00000007c0000000)
  eden space 519680K, 100% used [0x000000076b300000,0x000000078ae80000,0x000000078ae80000)
  from space 52224K, 82% used [0x000000078e600000,0x0000000791002da8,0x0000000791900000)
  to   space 56832K, 0% used [0x000000078ae80000,0x000000078ae80000,0x000000078e600000)
 ParOldGen       total 175104K, used 85609K [0x00000006c1800000, 0x00000006cc300000, 0x000000076b300000)
  object space 175104K, 48% used [0x00000006c1800000,0x00000006c6b9a458,0x00000006cc300000)
 Metaspace       used 11425K, capacity 11602K, committed 11904K, reserved 1060864K
  class space    used 1017K, capacity 1075K, committed 1152K, reserved 1048576K

