# JRE version: Java(TM) SE Runtime Environment (8.0_201-b09) (build 1.8.0_201-b09)
# Java VM: Java HotSpot(TM) 64-Bit Server VM (25.201-b09 mixed mode windows-amd64 compressed oops)
Heap:
 PSYoungGen      total 572416K, used 488383K [0x000000076b300000, 0x0000000791f00000, 0x00000007c0000000)
  eden space 520704K, 85% used [0x000000076b300000,0x00000007867e1b10,0x000000078af80000)
  from space 51712K, 79% used [0x000000078e580000,0x0000000790d8e1c8,0x0000000791800000)
  to   space 55296K, 0% used [0x000000078af80000,0x000000078af80000,0x000000078e580000)
 ParOldGen       total 175104K, used 84727K [0x00000006c1800000, 0x00000006cc300000, 0x000000076b300000)
  object space 175104K, 48% used [0x00000006c1800000,0x00000006c6abdca8,0x00000006cc300000)
 Metaspace       used 11436K, capacity 11602K, committed 11904K, reserved 1060864K
  class space    used 1017K, capacity 1075K, committed 1152K, reserved 1048576K
GC Heap History (10 events):
Event: 17.915 GC heap before
{Heap before GC invocations=2 (full 0):
 PSYoungGen      total 76288K, used 76275K [0x000000076b300000, 0x0000000774800000, 0x00000007c0000000)
  eden space 65536K, 100% used [0x000000076b300000,0x000000076f300000,0x000000076f300000)
  from space 10752K, 99% used [0x000000076f300000,0x000000076fd7cfd0,0x000000076fd80000)
  to   space 10752K, 0% used [0x0000000773d80000,0x0000000773d80000,0x0000000774800000)
 ParOldGen       total 175104K, used 1634K [0x00000006c1800000, 0x00000006cc300000, 0x000000076b300000)
  object space 175104K, 0% used [0x00000006c1800000,0x00000006c19989a0,0x00000006cc300000)
 Metaspace       used 11053K, capacity 11250K, committed 11392K, reserved 1058816K
  class space    used 1013K, capacity 1043K, committed 1152K, reserved 1048576K
Event: 18.565 GC heap after
Heap after GC invocations=2 (full 0):
 PSYoungGen      total 141824K, used 10741K [0x000000076b300000, 0x0000000774800000, 0x00000007c0000000)
  eden space 131072K, 0% used [0x000000076b300000,0x000000076b300000,0x0000000773300000)
  from space 10752K, 99% used [0x0000000773d80000,0x00000007747fd5a8,0x0000000774800000)
  to   space 10752K, 0% used [0x0000000773300000,0x0000000773300000,0x0000000773d80000)
 ParOldGen       total 175104K, used 8953K [0x00000006c1800000, 0x00000006cc300000, 0x000000076b300000)
  object space 175104K, 5% used [0x00000006c1800000,0x00000006c20be7f8,0x00000006cc300000)
 Metaspace       used 11053K, capacity 11250K, committed 11392K, reserved 1058816K
  class space    used 1013K, capacity 1043K, committed 1152K, reserved 1048576K
}
Event: 28.927 GC heap before
{Heap before GC invocations=3 (full 0):
 PSYoungGen      total 141824K, used 141813K [0x000000076b300000, 0x0000000774800000, 0x00000007c0000000)
  eden space 131072K, 100% used [0x000000076b300000,0x0000000773300000,0x0000000773300000)
  from space 10752K, 99% used [0x0000000773d80000,0x00000007747fd5a8,0x0000000774800000)
  to   space 10752K, 0% used [0x0000000773300000,0x0000000773300000,0x0000000773d80000)
 ParOldGen       total 175104K, used 8953K [0x00000006c1800000, 0x00000006cc300000, 0x000000076b300000)
  object space 175104K, 5% used [0x00000006c1800000,0x00000006c20be7f8,0x00000006cc300000)
 Metaspace       used 11141K, capacity 11314K, committed 11648K, reserved 1060864K
  class space    used 1014K, capacity 1043K, committed 1152K, reserved 1048576K
Event: 30.884 GC heap after
Heap after GC invocations=3 (full 0):
 PSYoungGen      total 141824K, used 10744K [0x000000076b300000, 0x000000077c800000, 0x00000007c0000000)
  eden space 131072K, 0% used [0x000000076b300000,0x000000076b300000,0x0000000773300000)
  from space 10752K, 99% used [0x0000000773300000,0x0000000773d7e0c8,0x0000000773d80000)
  to   space 10752K, 0% used [0x000000077bd80000,0x000000077bd80000,0x000000077c800000)
 ParOldGen       total 175104K, used 29188K [0x00000006c1800000, 0x00000006cc300000, 0x000000076b300000)
  object space 175104K, 16% used [0x00000006c1800000,0x00000006c34812e0,0x00000006cc300000)
 Metaspace       used 11141K, capacity 11314K, committed 11648K, reserved 1060864K
  class space    used 1014K, capacity 1043K, committed 1152K, reserved 1048576K
}
Event: 34.099 GC heap before
{Heap before GC invocations=4 (full 0):
 PSYoungGen      total 141824K, used 141816K [0x000000076b300000, 0x000000077c800000, 0x00000007c0000000)
  eden space 131072K, 100% used [0x000000076b300000,0x0000000773300000,0x0000000773300000)
  from space 10752K, 99% used [0x0000000773300000,0x0000000773d7e0c8,0x0000000773d80000)
  to   space 10752K, 0% used [0x000000077bd80000,0x000000077bd80000,0x000000077c800000)
 ParOldGen       total 175104K, used 29188K [0x00000006c1800000, 0x00000006cc300000, 0x000000076b300000)
  object space 175104K, 16% used [0x00000006c1800000,0x00000006c34812e0,0x00000006cc300000)
 Metaspace       used 11196K, capacity 11378K, committed 11648K, reserved 1060864K
  class space    used 1014K, capacity 1043K, committed 1152K, reserved 1048576K
Event: 35.167 GC heap after
Heap after GC invocations=4 (full 0):
 PSYoungGen      total 272896K, used 10743K [0x000000076b300000, 0x000000077c800000, 0x00000007c0000000)
  eden space 262144K, 0% used [0x000000076b300000,0x000000076b300000,0x000000077b300000)
  from space 10752K, 99% used [0x000000077bd80000,0x000000077c7fdd98,0x000000077c800000)
  to   space 10752K, 0% used [0x000000077b300000,0x000000077b300000,0x000000077bd80000)
 ParOldGen       total 175104K, used 48849K [0x00000006c1800000, 0x00000006cc300000, 0x000000076b300000)
  object space 175104K, 27% used [0x00000006c1800000,0x00000006c47b44a0,0x00000006cc300000)
 Metaspace       used 11196K, capacity 11378K, committed 11648K, reserved 1060864K
  class space    used 1014K, capacity 1043K, committed 1152K, reserved 1048576K
}
Event: 44.427 GC heap before
{Heap before GC invocations=5 (full 0):
 PSYoungGen      total 272896K, used 272887K [0x000000076b300000, 0x000000077c800000, 0x00000007c0000000)
  eden space 262144K, 100% used [0x000000076b300000,0x000000077b300000,0x000000077b300000)
  from space 10752K, 99% used [0x000000077bd80000,0x000000077c7fdd98,0x000000077c800000)
  to   space 10752K, 0% used [0x000000077b300000,0x000000077b300000,0x000000077bd80000)
 ParOldGen       total 175104K, used 48849K [0x00000006c1800000, 0x00000006cc300000, 0x000000076b300000)
  object space 175104K, 27% used [0x00000006c1800000,0x00000006c47b44a0,0x00000006cc300000)
 Metaspace       used 11301K, capacity 11474K, committed 11648K, reserved 1060864K
  class space    used 1015K, capacity 1075K, committed 1152K, reserved 1048576K
Event: 45.131 GC heap after
Heap after GC invocations=5 (full 0):
 PSYoungGen      total 272896K, used 10749K [0x000000076b300000, 0x0000000791800000, 0x00000007c0000000)
  eden space 262144K, 0% used [0x000000076b300000,0x000000076b300000,0x000000077b300000)
  from space 10752K, 99% used [0x000000077b300000,0x000000077bd7f4d8,0x000000077bd80000)
  to   space 51712K, 0% used [0x000000078e580000,0x000000078e580000,0x0000000791800000)
 ParOldGen       total 175104K, used 84727K [0x00000006c1800000, 0x00000006cc300000, 0x000000076b300000)
  object space 175104K, 48% used [0x00000006c1800000,0x00000006c6abdca8,0x00000006cc300000)
 Metaspace       used 11301K, capacity 11474K, committed 11648K, reserved 1060864K
  class space    used 1015K, capacity 1075K, committed 1152K, reserved 1048576K
}
Event: 50.182 GC heap before
{Heap before GC invocations=6 (full 0):
 PSYoungGen      total 272896K, used 272893K [0x000000076b300000, 0x0000000791800000, 0x00000007c0000000)
  eden space 262144K, 100% used [0x000000076b300000,0x000000077b300000,0x000000077b300000)
  from space 10752K, 99% used [0x000000077b300000,0x000000077bd7f4d8,0x000000077bd80000)
  to   space 51712K, 0% used [0x000000078e580000,0x000000078e580000,0x0000000791800000)
 ParOldGen       total 175104K, used 84727K [0x00000006c1800000, 0x00000006cc300000, 0x000000076b300000)
  object space 175104K, 48% used [0x00000006c1800000,0x00000006c6abdca8,0x00000006cc300000)
 Metaspace       used 11398K, capacity 11538K, committed 11648K, reserved 1060864K
  class space    used 1017K, capacity 1075K, committed 1152K, reserved 1048576K
Event: 50.433 GC heap after
Heap after GC invocations=6 (full 0):
 PSYoungGen      total 572416K, used 41016K [0x000000076b300000, 0x0000000791f00000, 0x00000007c0000000)
  eden space 520704K, 0% used [0x000000076b300000,0x000000076b300000,0x000000078af80000)
  from space 51712K, 79% used [0x000000078e580000,0x0000000790d8e1c8,0x0000000791800000)
  to   space 55296K, 0% used [0x000000078af80000,0x000000078af80000,0x000000078e580000)
 ParOldGen       total 175104K, used 84727K [0x00000006c1800000, 0x00000006cc300000, 0x000000076b300000)
  object space 175104K, 48% used [0x00000006c1800000,0x00000006c6abdca8,0x00000006cc300000)
 Metaspace       used 11398K, capacity 11538K, committed 11648K, reserved 1060864K
  class space    used 1017K, capacity 1075K, committed 1152K, reserved 1048576K
}

