# JRE version: Java(TM) SE Runtime Environment (8.0_201-b09) (build 1.8.0_201-b09)
# Java VM: Java HotSpot(TM) 64-Bit Server VM (25.201-b09 mixed mode windows-amd64 compressed oops)
Heap:
 PSYoungGen      total 574976K, used 478715K [0x000000076b300000, 0x0000000792200000, 0x00000007c0000000)
  eden space 521216K, 83% used [0x000000076b300000,0x0000000785e5e990,0x000000078b000000)
  from space 53760K, 76% used [0x000000078e780000,0x0000000790fa0298,0x0000000791c00000)
  to   space 56832K, 0% used [0x000000078b000000,0x000000078b000000,0x000000078e780000)
 ParOldGen       total 175104K, used 87526K [0x00000006c1800000, 0x00000006cc300000, 0x000000076b300000)
  object space 175104K, 49% used [0x00000006c1800000,0x00000006c6d79818,0x00000006cc300000)
 Metaspace       used 11427K, capacity 11602K, committed 11904K, reserved 1060864K
  class space    used 1018K, capacity 1075K, committed 1152K, reserved 1048576K
GC Heap History (10 events):
Event: 17.896 GC heap before
{Heap before GC invocations=2 (full 0):
 PSYoungGen      total 76288K, used 76275K [0x000000076b300000, 0x0000000774800000, 0x00000007c0000000)
  eden space 65536K, 100% used [0x000000076b300000,0x000000076f300000,0x000000076f300000)
  from space 10752K, 99% used [0x000000076f300000,0x000000076fd7ceb0,0x000000076fd80000)
  to   space 10752K, 0% used [0x0000000773d80000,0x0000000773d80000,0x0000000774800000)
 ParOldGen       total 175104K, used 1548K [0x00000006c1800000, 0x00000006cc300000, 0x000000076b300000)
  object space 175104K, 0% used [0x00000006c1800000,0x00000006c1983398,0x00000006cc300000)
 Metaspace       used 11046K, capacity 11250K, committed 11392K, reserved 1058816K
  class space    used 1014K, capacity 1043K, committed 1152K, reserved 1048576K
Event: 18.543 GC heap after
Heap after GC invocations=2 (full 0):
 PSYoungGen      total 141824K, used 10748K [0x000000076b300000, 0x0000000774800000, 0x00000007c0000000)
  eden space 131072K, 0% used [0x000000076b300000,0x000000076b300000,0x0000000773300000)
  from space 10752K, 99% used [0x0000000773d80000,0x00000007747ff378,0x0000000774800000)
  to   space 10752K, 0% used [0x0000000773300000,0x0000000773300000,0x0000000773d80000)
 ParOldGen       total 175104K, used 8849K [0x00000006c1800000, 0x00000006cc300000, 0x000000076b300000)
  object space 175104K, 5% used [0x00000006c1800000,0x00000006c20a4470,0x00000006cc300000)
 Metaspace       used 11046K, capacity 11250K, committed 11392K, reserved 1058816K
  class space    used 1014K, capacity 1043K, committed 1152K, reserved 1048576K
}
Event: 29.200 GC heap before
{Heap before GC invocations=3 (full 0):
 PSYoungGen      total 141824K, used 141820K [0x000000076b300000, 0x0000000774800000, 0x00000007c0000000)
  eden space 131072K, 100% used [0x000000076b300000,0x0000000773300000,0x0000000773300000)
  from space 10752K, 99% used [0x0000000773d80000,0x00000007747ff378,0x0000000774800000)
  to   space 10752K, 0% used [0x0000000773300000,0x0000000773300000,0x0000000773d80000)
 ParOldGen       total 175104K, used 8849K [0x00000006c1800000, 0x00000006cc300000, 0x000000076b300000)
  object space 175104K, 5% used [0x00000006c1800000,0x00000006c20a4470,0x00000006cc300000)
 Metaspace       used 11141K, capacity 11314K, committed 11648K, reserved 1060864K
  class space    used 1016K, capacity 1043K, committed 1152K, reserved 1048576K
Event: 29.832 GC heap after
Heap after GC invocations=3 (full 0):
 PSYoungGen      total 141824K, used 10733K [0x000000076b300000, 0x000000077c800000, 0x00000007c0000000)
  eden space 131072K, 0% used [0x000000076b300000,0x000000076b300000,0x0000000773300000)
  from space 10752K, 99% used [0x0000000773300000,0x0000000773d7b408,0x0000000773d80000)
  to   space 10752K, 0% used [0x000000077bd80000,0x000000077bd80000,0x000000077c800000)
 ParOldGen       total 175104K, used 29039K [0x00000006c1800000, 0x00000006cc300000, 0x000000076b300000)
  object space 175104K, 16% used [0x00000006c1800000,0x00000006c345bfa0,0x00000006cc300000)
 Metaspace       used 11141K, capacity 11314K, committed 11648K, reserved 1060864K
  class space    used 1016K, capacity 1043K, committed 1152K, reserved 1048576K
}
Event: 32.788 GC heap before
{Heap before GC invocations=4 (full 0):
 PSYoungGen      total 141824K, used 141805K [0x000000076b300000, 0x000000077c800000, 0x00000007c0000000)
  eden space 131072K, 100% used [0x000000076b300000,0x0000000773300000,0x0000000773300000)
  from space 10752K, 99% used [0x0000000773300000,0x0000000773d7b408,0x0000000773d80000)
  to   space 10752K, 0% used [0x000000077bd80000,0x000000077bd80000,0x000000077c800000)
 ParOldGen       total 175104K, used 29039K [0x00000006c1800000, 0x00000006cc300000, 0x000000076b300000)
  object space 175104K, 16% used [0x00000006c1800000,0x00000006c345bfa0,0x00000006cc300000)
 Metaspace       used 11193K, capacity 11378K, committed 11648K, reserved 1060864K
  class space    used 1016K, capacity 1043K, committed 1152K, reserved 1048576K
Event: 33.234 GC heap after
Heap after GC invocations=4 (full 0):
 PSYoungGen      total 272896K, used 10738K [0x000000076b300000, 0x000000077c800000, 0x00000007c0000000)
  eden space 262144K, 0% used [0x000000076b300000,0x000000076b300000,0x000000077b300000)
  from space 10752K, 99% used [0x000000077bd80000,0x000000077c7fc850,0x000000077c800000)
  to   space 10752K, 0% used [0x000000077b300000,0x000000077b300000,0x000000077bd80000)
 ParOldGen       total 175104K, used 50584K [0x00000006c1800000, 0x00000006cc300000, 0x000000076b300000)
  object space 175104K, 28% used [0x00000006c1800000,0x00000006c49663c0,0x00000006cc300000)
 Metaspace       used 11193K, capacity 11378K, committed 11648K, reserved 1060864K
  class space    used 1016K, capacity 1043K, committed 1152K, reserved 1048576K
}
Event: 41.898 GC heap before
{Heap before GC invocations=5 (full 0):
 PSYoungGen      total 272896K, used 272631K [0x000000076b300000, 0x000000077c800000, 0x00000007c0000000)
  eden space 262144K, 99% used [0x000000076b300000,0x000000077b2c1778,0x000000077b300000)
  from space 10752K, 99% used [0x000000077bd80000,0x000000077c7fc850,0x000000077c800000)
  to   space 10752K, 0% used [0x000000077b300000,0x000000077b300000,0x000000077bd80000)
 ParOldGen       total 175104K, used 50584K [0x00000006c1800000, 0x00000006cc300000, 0x000000076b300000)
  object space 175104K, 28% used [0x00000006c1800000,0x00000006c49663c0,0x00000006cc300000)
 Metaspace       used 11300K, capacity 11474K, committed 11648K, reserved 1060864K
  class space    used 1016K, capacity 1075K, committed 1152K, reserved 1048576K
Event: 42.801 GC heap after
Heap after GC invocations=5 (full 0):
 PSYoungGen      total 272896K, used 10734K [0x000000076b300000, 0x0000000791c00000, 0x00000007c0000000)
  eden space 262144K, 0% used [0x000000076b300000,0x000000076b300000,0x000000077b300000)
  from space 10752K, 99% used [0x000000077b300000,0x000000077bd7b800,0x000000077bd80000)
  to   space 53760K, 0% used [0x000000078e780000,0x000000078e780000,0x0000000791c00000)
 ParOldGen       total 175104K, used 87518K [0x00000006c1800000, 0x00000006cc300000, 0x000000076b300000)
  object space 175104K, 49% used [0x00000006c1800000,0x00000006c6d77818,0x00000006cc300000)
 Metaspace       used 11300K, capacity 11474K, committed 11648K, reserved 1060864K
  class space    used 1016K, capacity 1075K, committed 1152K, reserved 1048576K
}
Event: 48.390 GC heap before
{Heap before GC invocations=6 (full 0):
 PSYoungGen      total 272896K, used 272878K [0x000000076b300000, 0x0000000791c00000, 0x00000007c0000000)
  eden space 262144K, 100% used [0x000000076b300000,0x000000077b300000,0x000000077b300000)
  from space 10752K, 99% used [0x000000077b300000,0x000000077bd7b800,0x000000077bd80000)
  to   space 53760K, 0% used [0x000000078e780000,0x000000078e780000,0x0000000791c00000)
 ParOldGen       total 175104K, used 87518K [0x00000006c1800000, 0x00000006cc300000, 0x000000076b300000)
  object space 175104K, 49% used [0x00000006c1800000,0x00000006c6d77818,0x00000006cc300000)
 Metaspace       used 11395K, capacity 11538K, committed 11648K, reserved 1060864K
  class space    used 1018K, capacity 1075K, committed 1152K, reserved 1048576K
Event: 48.637 GC heap after
Heap after GC invocations=6 (full 0):
 PSYoungGen      total 574976K, used 41088K [0x000000076b300000, 0x0000000792200000, 0x00000007c0000000)
  eden space 521216K, 0% used [0x000000076b300000,0x000000076b300000,0x000000078b000000)
  from space 53760K, 76% used [0x000000078e780000,0x0000000790fa0298,0x0000000791c00000)
  to   space 56832K, 0% used [0x000000078b000000,0x000000078b000000,0x000000078e780000)
 ParOldGen       total 175104K, used 87526K [0x00000006c1800000, 0x00000006cc300000, 0x000000076b300000)
  object space 175104K, 49% used [0x00000006c1800000,0x00000006c6d79818,0x00000006cc300000)
 Metaspace       used 11395K, capacity 11538K, committed 11648K, reserved 1060864K
  class space    used 1018K, capacity 1075K, committed 1152K, reserved 1048576K
}

